

	.STITL TELETYPE AND TYI
;THINGS TO DO --
;DIFFERENT TTY TYPES

	VERN==VERN+%FNAM2



.MACR	IFL	FLG,EXPR	;ONE LINE COND IF FLG .NE. 0
.XLIST
	.IFNZ	FLG
	.LIST
	EXPR
	.XLIST
	.ENDC
.LIST
.ENDM

.MACR	IFN	FLG,EXPR	;ONE LINE COND IF FLG=0
.XLIST
	.IFZ	FLG
	.LIST
	EXPR
	.XLIST
	.ENDC
.LIST
.ENDM

.MACR	TIPNTR	TOP,SZ,TMS	;MAKES MNUSRS+TMS  PNTRS
.XLIST
	.ZZZ==0
	.REPT	MNUSRS+TMS
		TOP+<SZ*.ZZZ>
		.ZZZ==.ZZZ+1
	.ENDR
.LIST
.ENDM


;VARIOUS FLAGS AND TELETYPE VARIABLES

	;FLAGS TTY STATUS
TYIDR==100000
TIDW==40000	;TYI DISK WRITE IN PROCESS
TIDR==20000	;TYI DISK READ IN PROCESS
TIEDR==10000	;EDIT DSK READ
TIEDW==4000
TIDTRA==TYIDR!TIDW!TIDR!TIEDR!TIEDW	;DISK TRANSFER
TIBR==2000	;^G (BREAK) TYPED
TIED==1000		;IN EDIT MODE
FCQF==200	;CNTRL Q

NTY==1
NFTY==0
NKLTY==0
NFKLTY==2*NTY
NDCTY==0
NFDCTY==2*<NTY+NKLTY>
NDPTY==0
NFDPTY==2*<NTY+NKLTY+NDCTY>
NDMTY==7
NFDMTY==2*<NTY+NKLTY+NDCTY+NDPTY>
NTTY==NTY+NKLTY+NDCTY+NDCTY+NDPTY+NDMTY

	.STITLE	TELETYPE BUFFERS AND VARIABLES
	;BUFFERS
.EVEN
	TITQSZ==6	;SIZE OF TEMP TELETYPE INPUT BUFFER,
TITQ:	.=.+<TITQSZ*NTTY>	;TEMP TYI INT BUFFERS
	TIBFSZ==100	;TYPE IN BUFFER+EDIT BUF SIZE
TIBF:	.=.+<TIBFSZ*NTTY>	;TYPE IN AND EDIT BUFFERS
	TOBFSZ==40	;TYPE OUT BUFFER SIZE
TOBF:	.=.+<TOBFSZ*NTTY>	;TYPE OUT BUFFERS
;TYPE OUT INFO
CHARNO:	.=.+<NTTY*2>
LINEL:
.XLIST
.REPT NTTY
	60.
.ENDR
.LIST

;BUFFER PNTRS
	;TEMP TYPE IN QUEUE
TITQT:	TIPNTR	TITQ,TITQSZ,1	;TEMP Q TOP AND BOTTOM
TITQP:	.=.+<2*NTTY>	;NXT TO BE PROCESSED
TITQL:	.=.+<2*NTTY>	;TEMP Q LAST IN
TITQN:	.=.+<2*NTTY>
	;TYPE IN BUFFERS
TIBT:	TIPNTR	TIBF,TIBFSZ,1	;TYI BUFFER TOP (DOUBLE AS EDIT BUF BOTTOM)
TIBP:	.=.+<2*NTTY>
TYIBP:	.=.+<2*NTTY>	;SAME AS ABOVE,USED BY TYI
TITN:	.=.+<NTTY*2>
TYITN:	.=.+<NTTY*2>
TIBL:	.=.+<2*NTTY>	;LAST+1 THESE PNTRS CHANGE IN EDIT MODE
TIPC:	.=.+<2*NTTY>
TISVD:	.=.+<2*NTTY>
	;EDIT BUFFERS
	EDBFSZ==40	;EDIT BUFFER SIZE
TIEBT:	TIPNTR	TIBF+EDBFSZ,TIBFSZ,0	;EDIT BUF TOP
TIEBP:	.=.+<2*NTTY>	;PNTR INITIALLY PAST BOTTOM
	;TYPE OUT BUFFERS
TOBT:	TIPNTR	TOBF,TOBFSZ,1	;TOP & BOTTOM
TOBFF:	.=.+<2*NTTY>
TOBP:	.=.+<2*NTTY>	;NEXT CHAR
TOTN:	.=.+<NTTY*2>
TOPC:	.=.+<NTTY*2>
TOSVC:	.=.+<NTTY*2>
TOSVD:	.=.+<NTTY*2>
TODING:	.=.+<NTTY*2>
TOSND:	.REPT	NTY
	CNSND
.ENDR
.REPT	NDMTY
	DMSND
.ENDR
	;DISK BUFFER POINTERS
TILD:	.=.+<NTTY*2>
TIHD:	.=.+<NTTY*2>
TIDP:	.=.+<NTTY*2>	;# OF WDS IN TYI DSK BUFFER USED BY INT ROUTINES
TYIDP:	.=.+<NTTY*2>	;DITTO USED BY TYI
TYIFDP:	.=.+<NTTY*2>	;# OF WDS TRANSFERREDFROM DSK
	;EDIT BUFFER
TIELD:	.=.+<NTTY*2>
TIEHD:	.=.+<NTTY*2>
TIEDP:	.=.+<NTTY*2>	;# OF WDS TRANSFERRED TO DSK
TIEFDP:	.=.+<NTTY*2>	;# OF WDS TRANSFERRED FROM

TTYBR:	.=.+<NTTY*2>
TTYEBR:	.=.+<NTTY*2>
	;TTY STATUS
TTYST:	.=.+<NTTY*2>

	;USER INDEX
TTYU:	.=.+<2*NTTY>

	DMBIT=.-NFDMTY
		;BAR BIT FOR TTY
	.ZZZ==1
.XLIST
.REPT	2*NDMTY
	.ZZZ
	.ZZZ==.ZZZ_1
.ENDR
.LIST

	.STITLE	CHAR DISPATCH TABLES

	;TYI DISPATCH TABLES
CTIS:		;SPECIAL CHARACTERS -- DTBL (CHAR) HAS FSF ON
	TICC	;^C COPIES NEXT CHAR
	TICD	;^D DELETES NEXT CHAR
	TICZ	;^G BREAK
	TICM	;^M CARRIAGE RETURN -- POSSIBLE END OF LINE
	TICN	;^N COPIES NEXT WORD
	TICQ	;^Q QUOTES NEXT CHARACTER
	TICR	;^R COPIES REST OF EDIT BUFFER
	TICS	;^S SKIPS (DELETES) NEXT WORD
	TICW	;^W DELETES PREVIOUS WORD
	TGTC2	;^X CLARIFY INPUT
	TICY	;^Y RECOVER PREVIOUS LINE
	TICZ	;^Z EMPTIES TYPE IN BUFFER
	TIDEL	;RBO RUBOUT

CTIQ:	;QUOTING CHARS
	TIOBR	;[
CTIUQ:	TICBR	;]
	TIOBRî